d:\moje programy\c++\algorytmy\algorytmy\x64\release\oneway.obj
d:\moje programy\c++\algorytmy\algorytmy\x64\release\main.obj
d:\moje programy\c++\algorytmy\algorytmy\x64\release\moc_algorytmy.obj
d:\moje programy\c++\algorytmy\algorytmy\x64\release\algorytmy.obj
d:\moje programy\c++\algorytmy\algorytmy\x64\release\basealgorithm.obj
d:\moje programy\c++\algorytmy\algorytmy\x64\release\qrc_algorytmy.obj
d:\moje programy\c++\algorytmy\algorytmy\generatedfiles\release\moc_algorytmy.cpp
d:\moje programy\c++\algorytmy\algorytmy\generatedfiles\ui_algorytmy.h
d:\moje programy\c++\algorytmy\algorytmy\generatedfiles\qrc_algorytmy.cpp
d:\moje programy\c++\algorytmy\x64\release\algorytmy.exe
d:\moje programy\c++\algorytmy\algorytmy\x64\release\resource.res
d:\moje programy\c++\algorytmy\algorytmy\x64\release\algorytmy.tlog\cl.command.1.tlog
d:\moje programy\c++\algorytmy\algorytmy\x64\release\algorytmy.tlog\cl.read.1.tlog
d:\moje programy\c++\algorytmy\algorytmy\x64\release\algorytmy.tlog\cl.write.1.tlog
d:\moje programy\c++\algorytmy\algorytmy\x64\release\algorytmy.tlog\custombuild.command.1.tlog
d:\moje programy\c++\algorytmy\algorytmy\x64\release\algorytmy.tlog\custombuild.read.1.tlog
d:\moje programy\c++\algorytmy\algorytmy\x64\release\algorytmy.tlog\custombuild.write.1.tlog
d:\moje programy\c++\algorytmy\algorytmy\x64\release\algorytmy.tlog\link.command.1.tlog
d:\moje programy\c++\algorytmy\algorytmy\x64\release\algorytmy.tlog\link.read.1.tlog
d:\moje programy\c++\algorytmy\algorytmy\x64\release\algorytmy.tlog\link.write.1.tlog
d:\moje programy\c++\algorytmy\algorytmy\x64\release\algorytmy.tlog\rc.command.1.tlog
d:\moje programy\c++\algorytmy\algorytmy\x64\release\algorytmy.tlog\rc.read.1.tlog
d:\moje programy\c++\algorytmy\algorytmy\x64\release\algorytmy.tlog\rc.write.1.tlog
