d:\moje programy\c++\algorytmy\algorytmy\x64\debug\vc140.pdb
d:\moje programy\c++\algorytmy\algorytmy\x64\debug\oneway.obj
d:\moje programy\c++\algorytmy\algorytmy\x64\debug\main.obj
d:\moje programy\c++\algorytmy\algorytmy\x64\debug\moc_algorytmy.obj
d:\moje programy\c++\algorytmy\algorytmy\x64\debug\algorytmy.obj
d:\moje programy\c++\algorytmy\algorytmy\x64\debug\qrc_algorytmy.obj
d:\moje programy\c++\algorytmy\algorytmy\generatedfiles\debug\moc_algorytmy.cpp
d:\moje programy\c++\algorytmy\algorytmy\generatedfiles\ui_algorytmy.h
d:\moje programy\c++\algorytmy\algorytmy\generatedfiles\qrc_algorytmy.cpp
d:\moje programy\c++\algorytmy\x64\debug\algorytmy.ilk
d:\moje programy\c++\algorytmy\x64\debug\algorytmy.exe
d:\moje programy\c++\algorytmy\x64\debug\algorytmy.pdb
d:\moje programy\c++\algorytmy\algorytmy\x64\debug\algorytmy.tlog\cl.command.1.tlog
d:\moje programy\c++\algorytmy\algorytmy\x64\debug\algorytmy.tlog\cl.read.1.tlog
d:\moje programy\c++\algorytmy\algorytmy\x64\debug\algorytmy.tlog\cl.write.1.tlog
d:\moje programy\c++\algorytmy\algorytmy\x64\debug\algorytmy.tlog\custombuild.command.1.tlog
d:\moje programy\c++\algorytmy\algorytmy\x64\debug\algorytmy.tlog\custombuild.read.1.tlog
d:\moje programy\c++\algorytmy\algorytmy\x64\debug\algorytmy.tlog\custombuild.write.1.tlog
d:\moje programy\c++\algorytmy\algorytmy\x64\debug\algorytmy.tlog\link.command.1.tlog
d:\moje programy\c++\algorytmy\algorytmy\x64\debug\algorytmy.tlog\link.read.1.tlog
d:\moje programy\c++\algorytmy\algorytmy\x64\debug\algorytmy.tlog\link.write.1.tlog
